<?xml version="1.0" encoding="UTF-8"?>
<testsuite name="hello.itemservice.message.MessageSourceTest" tests="1" skipped="0" failures="0" errors="0" timestamp="2024-04-14T12:51:54" hostname="AHN-LAPTOP" time="0.566">
  <properties/>
  <testcase name="notFoundMessageCode()" classname="hello.itemservice.message.MessageSourceTest" time="0.566"/>
  <system-out><![CDATA[21:51:53.454 [Test worker] INFO org.springframework.test.context.support.AnnotationConfigContextLoaderUtils -- Could not detect default configuration classes for test class [hello.itemservice.message.MessageSourceTest]: MessageSourceTest does not declare any static, non-private, non-final, nested classes annotated with @Configuration.
21:51:53.526 [Test worker] INFO org.springframework.boot.test.context.SpringBootTestContextBootstrapper -- Found @SpringBootConfiguration hello.itemservice.ItemServiceApplication for test class hello.itemservice.message.MessageSourceTest

  .   ____          _            __ _ _
 /\\ / ___'_ __ _ _(_)_ __  __ _ \ \ \ \
( ( )\___ | '_ | '_| | '_ \/ _` | \ \ \ \
 \\/  ___)| |_)| | | | | || (_| |  ) ) ) )
  '  |____| .__|_| |_|_| |_\__, | / / / /
 =========|_|==============|___/=/_/_/_/
 :: Spring Boot ::                (v3.2.4)

2024-04-14T21:51:53.810+09:00  INFO 14852 --- [item-service] [    Test worker] h.itemservice.message.MessageSourceTest  : Starting MessageSourceTest using Java 21.0.2 with PID 14852 (started by tjqwn in C:\studyMy\message-start)
2024-04-14T21:51:53.810+09:00  INFO 14852 --- [item-service] [    Test worker] h.itemservice.message.MessageSourceTest  : No active profile set, falling back to 1 default profile: "default"
2024-04-14T21:51:54.462+09:00  INFO 14852 --- [item-service] [    Test worker] o.s.b.a.w.s.WelcomePageHandlerMapping    : Adding welcome page: class path resource [static/index.html]
2024-04-14T21:51:54.684+09:00  INFO 14852 --- [item-service] [    Test worker] h.itemservice.message.MessageSourceTest  : Started MessageSourceTest in 1.038 seconds (process running for 1.872)
]]></system-out>
  <system-err><![CDATA[WARNING: A Java agent has been loaded dynamically (C:\Users\tjqwn\.gradle\caches\modules-2\files-2.1\net.bytebuddy\byte-buddy-agent\1.14.12\be4984cb6fd1ef1d11f218a648889dfda44b8a15\byte-buddy-agent-1.14.12.jar)
WARNING: If a serviceability tool is in use, please run with -XX:+EnableDynamicAgentLoading to hide this warning
WARNING: If a serviceability tool is not in use, please run with -Djdk.instrument.traceUsage for more information
WARNING: Dynamic loading of agents will be disallowed by default in a future release
]]></system-err>
</testsuite>
